<?xml version="1.0" encoding="UTF-8"?>
<testsuite xmlns:xsi="http://www.w3.org/2001/XMLSchema-instance" xsi:noNamespaceSchemaLocation="https://maven.apache.org/surefire/maven-surefire-plugin/xsd/surefire-test-report.xsd" name="com.tondeuse.domaine.service.PreparateurMouvementsTondeusesTest" time="0.018" tests="3" errors="0" skipped="0" failures="0">
  <properties>
[...]
</properties>
  <testcase name="testEchecPelouseRecupererMvtsTondeuses" classname="com.tondeuse.domaine.service.PreparateurMouvementsTondeusesTest" time="0.004"/>
  <testcase name="testRecupererMvtsTondeuses" classname="com.tondeuse.domaine.service.PreparateurMouvementsTondeusesTest" time="0.002"/>
  <testcase name="testEchecTondeuseRecupererMvtsTondeuses" classname="com.tondeuse.domaine.service.PreparateurMouvementsTondeusesTest" time="0.003"/>
</testsuite>